[03-Dec-2025 22:13:38 Asia/Kolkata] Deleted replaced image: uploads/drafts/1764780210_guest_6eba5d92_car4.jpg
[03-Dec-2025 22:13:38 Asia/Kolkata] Deleted replaced thumbnail: uploads/drafts\thumb_1764780210_guest_6eba5d92_car4.jpg
[03-Dec-2025 22:21:37 Asia/Kolkata] Form submission received. Files count: 52, POST fields: 49
[03-Dec-2025 22:21:37 Asia/Kolkata] Step 4 Checkbox Debug:
[03-Dec-2025 22:21:37 Asia/Kolkata]   registration_certificate: NOT SET
[03-Dec-2025 22:21:37 Asia/Kolkata]   car_insurance: NOT SET
[03-Dec-2025 22:21:37 Asia/Kolkata]   car_finance_noc: NOT SET
[03-Dec-2025 22:21:37 Asia/Kolkata]   car_purchase_invoice: NOT SET
[03-Dec-2025 22:21:37 Asia/Kolkata]   bifuel_certification: NOT SET
[03-Dec-2025 22:21:37 Asia/Kolkata] Total files processed: 7
[03-Dec-2025 22:21:37 Asia/Kolkata] Generating PDF with 7 images
[03-Dec-2025 22:21:41 Asia/Kolkata] PDF generated successfully: D:\SEMESTER - VII\php2\pdfs\inspection_123_1764780701.pdf
[03-Dec-2025 22:21:41 Asia/Kolkata] Cleanup: Starting cleanup for draft: draft_693068558402b2.90830673
[03-Dec-2025 22:21:41 Asia/Kolkata] Cleanup: Deleted image: uploads/drafts/1764780117_guest_617a40d0_Untitleddesign.jpg
[03-Dec-2025 22:21:41 Asia/Kolkata] Cleanup: Deleted thumbnail: uploads/drafts\thumb_1764780117_guest_617a40d0_Untitleddesign.jpg
[03-Dec-2025 22:21:41 Asia/Kolkata] Cleanup: Deleted image: uploads/drafts/1764780191_guest_d7f01cce_Untitleddesign1.jpg
[03-Dec-2025 22:21:41 Asia/Kolkata] Cleanup: Deleted thumbnail: uploads/drafts\thumb_1764780191_guest_d7f01cce_Untitleddesign1.jpg
[03-Dec-2025 22:21:41 Asia/Kolkata] Cleanup: Deleted image: uploads/drafts/1764780197_guest_6c86e44a_car1.jpg
[03-Dec-2025 22:21:41 Asia/Kolkata] Cleanup: Deleted thumbnail: uploads/drafts\thumb_1764780197_guest_6c86e44a_car1.jpg
[03-Dec-2025 22:21:41 Asia/Kolkata] Cleanup: Deleted image: uploads/drafts/1764780200_guest_2c487b56_car1.jpg
[03-Dec-2025 22:21:41 Asia/Kolkata] Cleanup: Deleted thumbnail: uploads/drafts\thumb_1764780200_guest_2c487b56_car1.jpg
[03-Dec-2025 22:21:41 Asia/Kolkata] Cleanup: Deleted image: uploads/drafts/1764780207_guest_98d137df_car1.jpg
[03-Dec-2025 22:21:41 Asia/Kolkata] Cleanup: Deleted thumbnail: uploads/drafts\thumb_1764780207_guest_98d137df_car1.jpg
[03-Dec-2025 22:21:41 Asia/Kolkata] Cleanup: Deleted image: uploads/drafts/1764780218_guest_e8ea942d_car5.jpg
[03-Dec-2025 22:21:41 Asia/Kolkata] Cleanup: Deleted thumbnail: uploads/drafts\thumb_1764780218_guest_e8ea942d_car5.jpg
[03-Dec-2025 22:21:41 Asia/Kolkata] Cleanup: Deleted image: uploads/drafts/1764780223_guest_4ff74776_car2.jpg
[03-Dec-2025 22:21:41 Asia/Kolkata] Cleanup: Deleted thumbnail: uploads/drafts\thumb_1764780223_guest_4ff74776_car2.jpg
[03-Dec-2025 22:21:41 Asia/Kolkata] Cleanup: Deleted audit log: D:\SEMESTER - VII\php2\drafts\audit\draft_693068558402b2.90830673.log
[03-Dec-2025 22:21:41 Asia/Kolkata] Cleanup: Deleted draft file: D:\SEMESTER - VII\php2\uploads\drafts\draft_693068558402b2.90830673.json
[03-Dec-2025 22:21:41 Asia/Kolkata] Cleanup: Successfully cleaned up draft draft_693068558402b2.90830673 - Deleted 7 images, 1 files, Freed 699.89 KB
[03-Dec-2025 22:21:41 Asia/Kolkata] Cleanup: Draft draft_693068558402b2.90830673 cleaned up successfully - Deleted 7 images, Freed 699.89 KB
[03-Dec-2025 22:21:50 Asia/Kolkata] Background email sent successfully for: D:\SEMESTER - VII\php2\pdfs\inspection_123_1764780701.pdf
[03-Dec-2025 22:34:38 Asia/Kolkata] Deleted replaced image: uploads/drafts/1764781472_guest_e1f22721_Untitleddesign.jpg
[03-Dec-2025 22:34:38 Asia/Kolkata] Deleted replaced thumbnail: uploads/drafts\thumb_1764781472_guest_e1f22721_Untitleddesign.jpg
[03-Dec-2025 22:34:51 Asia/Kolkata] Deleted replaced image: uploads/drafts/1764781477_guest_af065a31_step23.jpg
[03-Dec-2025 22:34:51 Asia/Kolkata] Deleted replaced thumbnail: uploads/drafts\thumb_1764781477_guest_af065a31_step23.jpg
[03-Dec-2025 22:35:13 Asia/Kolkata] Form submission received. Files count: 52, POST fields: 45
[03-Dec-2025 22:35:13 Asia/Kolkata] Step 4 Checkbox Debug:
[03-Dec-2025 22:35:13 Asia/Kolkata]   registration_certificate: NOT SET
[03-Dec-2025 22:35:13 Asia/Kolkata]   car_insurance: NOT SET
[03-Dec-2025 22:35:13 Asia/Kolkata]   car_finance_noc: NOT SET
[03-Dec-2025 22:35:13 Asia/Kolkata]   car_purchase_invoice: NOT SET
[03-Dec-2025 22:35:13 Asia/Kolkata]   bifuel_certification: NOT SET
[03-Dec-2025 22:35:13 Asia/Kolkata] Total files processed: 3
[03-Dec-2025 22:35:13 Asia/Kolkata] Generating PDF with 3 images
[03-Dec-2025 22:35:23 Asia/Kolkata] PDF generated successfully: D:\SEMESTER - VII\php2\pdfs\inspection_1_1764781523.pdf
[03-Dec-2025 22:35:23 Asia/Kolkata] Cleanup: Starting cleanup for draft: draft_69306d6401a289.64756498
[03-Dec-2025 22:35:23 Asia/Kolkata] Cleanup: Deleted image: uploads/drafts/1764781412_guest_751a4632_Untitleddesign1.jpg
[03-Dec-2025 22:35:23 Asia/Kolkata] Cleanup: Deleted thumbnail: uploads/drafts\thumb_1764781412_guest_751a4632_Untitleddesign1.jpg
[03-Dec-2025 22:35:23 Asia/Kolkata] Cleanup: Deleted image: uploads/drafts/1764781483_guest_29c7d5aa_step6.jpg
[03-Dec-2025 22:35:23 Asia/Kolkata] Cleanup: Deleted thumbnail: uploads/drafts\thumb_1764781483_guest_29c7d5aa_step6.jpg
[03-Dec-2025 22:35:23 Asia/Kolkata] Cleanup: Deleted image: uploads/drafts/1764781492_guest_1d0086d8_Untitleddesign1.jpg
[03-Dec-2025 22:35:23 Asia/Kolkata] Cleanup: Deleted thumbnail: uploads/drafts\thumb_1764781492_guest_1d0086d8_Untitleddesign1.jpg
[03-Dec-2025 22:35:23 Asia/Kolkata] Cleanup: Deleted audit log: D:\SEMESTER - VII\php2\drafts\audit\draft_69306d6401a289.64756498.log
[03-Dec-2025 22:35:23 Asia/Kolkata] Cleanup: Deleted draft file: D:\SEMESTER - VII\php2\uploads\drafts\draft_69306d6401a289.64756498.json
[03-Dec-2025 22:35:23 Asia/Kolkata] Cleanup: Successfully cleaned up draft draft_69306d6401a289.64756498 - Deleted 3 images, 1 files, Freed 2.64 MB
[03-Dec-2025 22:35:23 Asia/Kolkata] Cleanup: Draft draft_69306d6401a289.64756498 cleaned up successfully - Deleted 3 images, Freed 2.64 MB
[03-Dec-2025 22:35:33 Asia/Kolkata] Background email sent successfully for: D:\SEMESTER - VII\php2\pdfs\inspection_1_1764781523.pdf
2025-12-03 22:35:41 - Draft load error: Draft not found - Context: {"draft_id":"draft_69306d6401a289.64756498"}
[03-Dec-2025 22:44:04 Asia/Kolkata] Form submission received. Files count: 52, POST fields: 44
[03-Dec-2025 22:44:04 Asia/Kolkata] Step 4 Checkbox Debug:
[03-Dec-2025 22:44:04 Asia/Kolkata]   registration_certificate: NOT SET
[03-Dec-2025 22:44:04 Asia/Kolkata]   car_insurance: NOT SET
[03-Dec-2025 22:44:04 Asia/Kolkata]   car_finance_noc: NOT SET
[03-Dec-2025 22:44:04 Asia/Kolkata]   car_purchase_invoice: NOT SET
[03-Dec-2025 22:44:04 Asia/Kolkata]   bifuel_certification: NOT SET
[03-Dec-2025 22:44:04 Asia/Kolkata] Total files processed: 2
[03-Dec-2025 22:44:04 Asia/Kolkata] Generating PDF with 2 images
[03-Dec-2025 22:44:08 Asia/Kolkata] PDF generated successfully: D:\SEMESTER - VII\php2\pdfs\inspection_1_1764782048.pdf
[03-Dec-2025 22:44:08 Asia/Kolkata] Cleanup: Starting cleanup for draft: draft_69306f72173810.26978502
[03-Dec-2025 22:44:08 Asia/Kolkata] Cleanup: Deleted image: uploads/drafts/1764781938_guest_0577e4e7_Untitleddesign1.jpg
[03-Dec-2025 22:44:08 Asia/Kolkata] Cleanup: Deleted thumbnail: uploads/drafts\thumb_1764781938_guest_0577e4e7_Untitleddesign1.jpg
[03-Dec-2025 22:44:08 Asia/Kolkata] Cleanup: Deleted image: uploads/drafts/1764782036_guest_d1c0ea40_step11.jpg
[03-Dec-2025 22:44:08 Asia/Kolkata] Cleanup: Deleted thumbnail: uploads/drafts\thumb_1764782036_guest_d1c0ea40_step11.jpg
[03-Dec-2025 22:44:08 Asia/Kolkata] Cleanup: Deleted audit log: D:\SEMESTER - VII\php2\drafts\audit\draft_69306f72173810.26978502.log
[03-Dec-2025 22:44:08 Asia/Kolkata] Cleanup: Deleted draft file: D:\SEMESTER - VII\php2\uploads\drafts\draft_69306f72173810.26978502.json
[03-Dec-2025 22:44:08 Asia/Kolkata] Cleanup: Successfully cleaned up draft draft_69306f72173810.26978502 - Deleted 2 images, 1 files, Freed 489.89 KB
[03-Dec-2025 22:44:08 Asia/Kolkata] Cleanup: Draft draft_69306f72173810.26978502 cleaned up successfully - Deleted 2 images, Freed 489.89 KB
[03-Dec-2025 22:44:18 Asia/Kolkata] Background email sent successfully for: D:\SEMESTER - VII\php2\pdfs\inspection_1_1764782048.pdf
[03-Dec-2025 22:52:32 Asia/Kolkata] Form submission received. Files count: 52, POST fields: 45
[03-Dec-2025 22:52:32 Asia/Kolkata] Step 4 Checkbox Debug:
[03-Dec-2025 22:52:32 Asia/Kolkata]   registration_certificate: NOT SET
[03-Dec-2025 22:52:32 Asia/Kolkata]   car_insurance: NOT SET
[03-Dec-2025 22:52:32 Asia/Kolkata]   car_finance_noc: NOT SET
[03-Dec-2025 22:52:32 Asia/Kolkata]   car_purchase_invoice: NOT SET
[03-Dec-2025 22:52:32 Asia/Kolkata]   bifuel_certification: NOT SET
[03-Dec-2025 22:52:32 Asia/Kolkata] Total files processed: 2
[03-Dec-2025 22:52:32 Asia/Kolkata] Generating PDF with 2 images
[03-Dec-2025 22:52:36 Asia/Kolkata] PDF generated successfully: D:\SEMESTER - VII\php2\pdfs\inspection_123_1764782555.pdf
[03-Dec-2025 22:52:36 Asia/Kolkata] Cleanup: Starting cleanup for draft: draft_6930719a8b0781.95638156
[03-Dec-2025 22:52:36 Asia/Kolkata] Cleanup: Deleted image: uploads/drafts/1764782490_guest_5271886b_Untitleddesign.jpg
[03-Dec-2025 22:52:36 Asia/Kolkata] Cleanup: Deleted thumbnail: uploads/drafts\thumb_1764782490_guest_5271886b_Untitleddesign.jpg
[03-Dec-2025 22:52:36 Asia/Kolkata] Cleanup: Deleted image: uploads/drafts/1764782539_guest_d4c542d7_car1.jpg
[03-Dec-2025 22:52:36 Asia/Kolkata] Cleanup: Deleted thumbnail: uploads/drafts\thumb_1764782539_guest_d4c542d7_car1.jpg
[03-Dec-2025 22:52:36 Asia/Kolkata] Cleanup: Deleted audit log: D:\SEMESTER - VII\php2\drafts\audit\draft_6930719a8b0781.95638156.log
[03-Dec-2025 22:52:36 Asia/Kolkata] Cleanup: Deleted draft file: D:\SEMESTER - VII\php2\uploads\drafts\draft_6930719a8b0781.95638156.json
[03-Dec-2025 22:52:36 Asia/Kolkata] Cleanup: Successfully cleaned up draft draft_6930719a8b0781.95638156 - Deleted 2 images, 1 files, Freed 308.12 KB
[03-Dec-2025 22:52:36 Asia/Kolkata] Cleanup: Draft draft_6930719a8b0781.95638156 cleaned up successfully - Deleted 2 images, Freed 308.12 KB
[03-Dec-2025 22:52:49 Asia/Kolkata] Background email sent successfully for: D:\SEMESTER - VII\php2\pdfs\inspection_123_1764782555.pdf
[03-Dec-2025 22:58:49 Asia/Kolkata] Form submission received. Files count: 52, POST fields: 44
[03-Dec-2025 22:58:49 Asia/Kolkata] Step 4 Checkbox Debug:
[03-Dec-2025 22:58:49 Asia/Kolkata]   registration_certificate: NOT SET
[03-Dec-2025 22:58:49 Asia/Kolkata]   car_insurance: NOT SET
[03-Dec-2025 22:58:49 Asia/Kolkata]   car_finance_noc: NOT SET
[03-Dec-2025 22:58:49 Asia/Kolkata]   car_purchase_invoice: NOT SET
[03-Dec-2025 22:58:49 Asia/Kolkata]   bifuel_certification: NOT SET
[03-Dec-2025 22:58:49 Asia/Kolkata] Total files processed: 2
[03-Dec-2025 22:58:49 Asia/Kolkata] Generating PDF with 2 images
[03-Dec-2025 22:58:52 Asia/Kolkata] PDF generated successfully: D:\SEMESTER - VII\php2\pdfs\inspection_123_1764782932.pdf
[03-Dec-2025 22:59:01 Asia/Kolkata] Background email sent successfully for: D:\SEMESTER - VII\php2\pdfs\inspection_123_1764782932.pdf
[03-Dec-2025 22:59:01 Asia/Kolkata] Cleanup: Starting cleanup for draft: draft_69307244365fd4.54911753
[03-Dec-2025 22:59:01 Asia/Kolkata] Cleanup: Deleted image: uploads/drafts/1764782660_guest_ae5f00f8_ha.jpg
[03-Dec-2025 22:59:01 Asia/Kolkata] Cleanup: Deleted thumbnail: uploads/drafts\thumb_1764782660_guest_ae5f00f8_ha.jpg
[03-Dec-2025 22:59:02 Asia/Kolkata] Cleanup: Deleted image: uploads/drafts/1764782915_guest_78053033_Untitleddesign1.jpg
[03-Dec-2025 22:59:02 Asia/Kolkata] Cleanup: Deleted thumbnail: uploads/drafts\thumb_1764782915_guest_78053033_Untitleddesign1.jpg
[03-Dec-2025 22:59:02 Asia/Kolkata] Cleanup: Deleted audit log: D:\SEMESTER - VII\php2\drafts\audit\draft_69307244365fd4.54911753.log
[03-Dec-2025 22:59:02 Asia/Kolkata] Cleanup: Deleted draft file: D:\SEMESTER - VII\php2\uploads\drafts\draft_69307244365fd4.54911753.json
[03-Dec-2025 22:59:02 Asia/Kolkata] Cleanup: Successfully cleaned up draft draft_69307244365fd4.54911753 - Deleted 2 images, 1 files, Freed 285.74 KB
[03-Dec-2025 22:59:02 Asia/Kolkata] Post-Email Cleanup: Draft deleted - Deleted 2 images, Freed 285.74 KB
2025-12-03 23:09:02 - Draft load error: Draft not found - Context: {"draft_id":"draft_69307244365fd4.54911753"}
[03-Dec-2025 23:11:05 Asia/Kolkata] Form submission received. Files count: 52, POST fields: 44
[03-Dec-2025 23:11:05 Asia/Kolkata] Step 4 Checkbox Debug:
[03-Dec-2025 23:11:05 Asia/Kolkata]   registration_certificate: NOT SET
[03-Dec-2025 23:11:05 Asia/Kolkata]   car_insurance: NOT SET
[03-Dec-2025 23:11:05 Asia/Kolkata]   car_finance_noc: NOT SET
[03-Dec-2025 23:11:05 Asia/Kolkata]   car_purchase_invoice: NOT SET
[03-Dec-2025 23:11:05 Asia/Kolkata]   bifuel_certification: NOT SET
[03-Dec-2025 23:11:05 Asia/Kolkata] Total files processed: 2
[03-Dec-2025 23:11:05 Asia/Kolkata] Generating PDF with 2 images
[03-Dec-2025 23:11:09 Asia/Kolkata] PDF generated successfully: D:\SEMESTER - VII\php2\pdfs\inspection_1_1764783669.pdf
[03-Dec-2025 23:11:20 Asia/Kolkata] Background email sent successfully for: D:\SEMESTER - VII\php2\pdfs\inspection_1_1764783669.pdf
[03-Dec-2025 23:11:20 Asia/Kolkata] Post-Email Cleanup: STEP 1 - Starting draft cleanup for: draft_69307244365fd4.54911753
[03-Dec-2025 23:21:25 Asia/Kolkata] Deleted replaced image: uploads/drafts/1764784280_guest_a454c6dd_step1.jpg
[03-Dec-2025 23:21:25 Asia/Kolkata] Deleted replaced thumbnail: uploads/drafts\thumb_1764784280_guest_a454c6dd_step1.jpg
[03-Dec-2025 23:21:29 Asia/Kolkata] Form submission received. Files count: 52, POST fields: 49
[03-Dec-2025 23:21:29 Asia/Kolkata] Step 4 Checkbox Debug:
[03-Dec-2025 23:21:29 Asia/Kolkata]   registration_certificate: NOT SET
[03-Dec-2025 23:21:29 Asia/Kolkata]   car_insurance: NOT SET
[03-Dec-2025 23:21:29 Asia/Kolkata]   car_finance_noc: NOT SET
[03-Dec-2025 23:21:29 Asia/Kolkata]   car_purchase_invoice: NOT SET
[03-Dec-2025 23:21:29 Asia/Kolkata]   bifuel_certification: NOT SET
[03-Dec-2025 23:21:29 Asia/Kolkata] Total files processed: 4
[03-Dec-2025 23:21:29 Asia/Kolkata] Generating PDF with 4 images
[03-Dec-2025 23:21:33 Asia/Kolkata] PDF generated successfully: D:\SEMESTER - VII\php2\pdfs\inspection_123_1764784293.pdf
[03-Dec-2025 23:21:43 Asia/Kolkata] Background email sent successfully for: D:\SEMESTER - VII\php2\pdfs\inspection_123_1764784293.pdf
[03-Dec-2025 23:21:43 Asia/Kolkata] Post-Email Cleanup: STEP 1 - Starting draft cleanup for: draft_69307849190113.60372150
[03-Dec-2025 23:31:58 Asia/Kolkata] Form submission received. Files count: 52, POST fields: 47
[03-Dec-2025 23:31:58 Asia/Kolkata] Step 4 Checkbox Debug:
[03-Dec-2025 23:31:58 Asia/Kolkata]   registration_certificate: NOT SET
[03-Dec-2025 23:31:58 Asia/Kolkata]   car_insurance: NOT SET
[03-Dec-2025 23:31:58 Asia/Kolkata]   car_finance_noc: NOT SET
[03-Dec-2025 23:31:58 Asia/Kolkata]   car_purchase_invoice: NOT SET
[03-Dec-2025 23:31:58 Asia/Kolkata]   bifuel_certification: NOT SET
[03-Dec-2025 23:31:58 Asia/Kolkata] Total files processed: 4
[03-Dec-2025 23:31:58 Asia/Kolkata] Generating PDF with 4 images
[03-Dec-2025 23:32:03 Asia/Kolkata] PDF generated successfully: D:\SEMESTER - VII\php2\pdfs\inspection_123_1764784922.pdf
[03-Dec-2025 23:32:28 Asia/Kolkata] Background email sent successfully for: D:\SEMESTER - VII\php2\pdfs\inspection_123_1764784922.pdf
[03-Dec-2025 23:32:28 Asia/Kolkata] Post-Email Cleanup: Triggering async cleanup
[03-Dec-2025 23:32:28 Asia/Kolkata] Post-Email Cleanup: Async cleanup triggered
[04-Dec-2025 00:04:01 Asia/Kolkata] Form submission received. Files count: 52, POST fields: 45
[04-Dec-2025 00:04:01 Asia/Kolkata] Step 4 Checkbox Debug:
[04-Dec-2025 00:04:01 Asia/Kolkata]   registration_certificate: NOT SET
[04-Dec-2025 00:04:01 Asia/Kolkata]   car_insurance: NOT SET
[04-Dec-2025 00:04:01 Asia/Kolkata]   car_finance_noc: NOT SET
[04-Dec-2025 00:04:01 Asia/Kolkata]   car_purchase_invoice: NOT SET
[04-Dec-2025 00:04:01 Asia/Kolkata]   bifuel_certification: NOT SET
[04-Dec-2025 00:04:01 Asia/Kolkata] Total files processed: 3
[04-Dec-2025 00:04:01 Asia/Kolkata] Generating PDF with 3 images
[04-Dec-2025 00:04:06 Asia/Kolkata] PDF generated successfully: D:\SEMESTER - VII\php2\pdfs\inspection_123_1764786846.pdf
[04-Dec-2025 00:04:15 Asia/Kolkata] Background email sent successfully for: D:\SEMESTER - VII\php2\pdfs\inspection_123_1764786846.pdf
[04-Dec-2025 00:04:15 Asia/Kolkata] Post-Email Cleanup: Triggering async cleanup
[04-Dec-2025 00:04:15 Asia/Kolkata] Post-Email Cleanup: Async cleanup triggered
[04-Dec-2025 00:04:34 Asia/Kolkata] Draft file missing during load: uploads/drafts/car_photo_1764786770_03d62597.jpg (tried: D:\SEMESTER - VII\php2\uploads\drafts\car_photo_1764786770_03d62597.jpg, D:\SEMESTER - VII\php2/uploads/drafts/car_photo_1764786770_03d62597.jpg)
[04-Dec-2025 00:04:34 Asia/Kolkata] Draft file missing during load: uploads/drafts/other_image_1_1764786832_31fedbd0.jpg (tried: D:\SEMESTER - VII\php2\uploads\drafts\other_image_1_1764786832_31fedbd0.jpg, D:\SEMESTER - VII\php2/uploads/drafts/other_image_1_1764786832_31fedbd0.jpg)
[04-Dec-2025 00:04:34 Asia/Kolkata] Draft file missing during load: uploads/drafts/payment_screenshot_1764786840_c357e92f.jpg (tried: D:\SEMESTER - VII\php2\uploads\drafts\payment_screenshot_1764786840_c357e92f.jpg, D:\SEMESTER - VII\php2/uploads/drafts/payment_screenshot_1764786840_c357e92f.jpg)
[04-Dec-2025 00:05:01 Asia/Kolkata] Form submission received. Files count: 52, POST fields: 45
[04-Dec-2025 00:05:01 Asia/Kolkata] Step 4 Checkbox Debug:
[04-Dec-2025 00:05:01 Asia/Kolkata]   registration_certificate: NOT SET
[04-Dec-2025 00:05:01 Asia/Kolkata]   car_insurance: NOT SET
[04-Dec-2025 00:05:01 Asia/Kolkata]   car_finance_noc: NOT SET
[04-Dec-2025 00:05:01 Asia/Kolkata]   car_purchase_invoice: NOT SET
[04-Dec-2025 00:05:01 Asia/Kolkata]   bifuel_certification: NOT SET
[04-Dec-2025 00:05:01 Asia/Kolkata] Total files processed: 1
[04-Dec-2025 00:05:01 Asia/Kolkata] Generating PDF with 1 images
[04-Dec-2025 00:05:04 Asia/Kolkata] PDF generated successfully: D:\SEMESTER - VII\php2\pdfs\inspection_123_1764786904.pdf
[04-Dec-2025 00:05:13 Asia/Kolkata] Background email sent successfully for: D:\SEMESTER - VII\php2\pdfs\inspection_123_1764786904.pdf
[04-Dec-2025 00:05:13 Asia/Kolkata] Post-Email Cleanup: Triggering async cleanup
[04-Dec-2025 00:05:13 Asia/Kolkata] Post-Email Cleanup: Async cleanup triggered
[04-Dec-2025 00:13:29 Asia/Kolkata] Form submission received. Files count: 52, POST fields: 44
[04-Dec-2025 00:13:29 Asia/Kolkata] Step 4 Checkbox Debug:
[04-Dec-2025 00:13:29 Asia/Kolkata]   registration_certificate: NOT SET
[04-Dec-2025 00:13:29 Asia/Kolkata]   car_insurance: NOT SET
[04-Dec-2025 00:13:29 Asia/Kolkata]   car_finance_noc: NOT SET
[04-Dec-2025 00:13:29 Asia/Kolkata]   car_purchase_invoice: NOT SET
[04-Dec-2025 00:13:29 Asia/Kolkata]   bifuel_certification: NOT SET
[04-Dec-2025 00:13:29 Asia/Kolkata] Total files processed: 2
[04-Dec-2025 00:13:29 Asia/Kolkata] Generating PDF with 2 images
[04-Dec-2025 00:13:33 Asia/Kolkata] PDF generated successfully: D:\SEMESTER - VII\php2\pdfs\inspection_12_1764787413.pdf
[04-Dec-2025 00:13:33 Asia/Kolkata] === CLEANUP PHASE 1: Starting immediate cleanup after PDF generation ===
[04-Dec-2025 00:13:33 Asia/Kolkata] Cleanup: Deleting draft and all images for draft ID: draft_693084a9d6f222.68403146
[04-Dec-2025 00:13:41 Asia/Kolkata] Form submission received. Files count: 52, POST fields: 44
[04-Dec-2025 00:13:41 Asia/Kolkata] Step 4 Checkbox Debug:
[04-Dec-2025 00:13:41 Asia/Kolkata]   registration_certificate: NOT SET
[04-Dec-2025 00:13:41 Asia/Kolkata]   car_insurance: NOT SET
[04-Dec-2025 00:13:41 Asia/Kolkata]   car_finance_noc: NOT SET
[04-Dec-2025 00:13:41 Asia/Kolkata]   car_purchase_invoice: NOT SET
[04-Dec-2025 00:13:41 Asia/Kolkata]   bifuel_certification: NOT SET
[04-Dec-2025 00:13:41 Asia/Kolkata] Total files processed: 2
[04-Dec-2025 00:13:41 Asia/Kolkata] Generating PDF with 2 images
[04-Dec-2025 00:13:45 Asia/Kolkata] PDF generated successfully: D:\SEMESTER - VII\php2\pdfs\inspection_12_1764787425.pdf
[04-Dec-2025 00:13:45 Asia/Kolkata] === CLEANUP PHASE 1: Starting immediate cleanup after PDF generation ===
[04-Dec-2025 00:13:45 Asia/Kolkata] Cleanup: Deleting draft and all images for draft ID: draft_693084a9d6f222.68403146
[04-Dec-2025 00:15:17 Asia/Kolkata] Draft file missing during load: uploads/drafts/other_image_5_1764787407_82f2e6b1.jpg (tried: D:\SEMESTER - VII\php2\uploads\drafts\other_image_5_1764787407_82f2e6b1.jpg, D:\SEMESTER - VII\php2/uploads/drafts/other_image_5_1764787407_82f2e6b1.jpg)
[04-Dec-2025 00:15:44 Asia/Kolkata] Draft file missing during load: uploads/drafts/other_image_5_1764787407_82f2e6b1.jpg (tried: D:\SEMESTER - VII\php2\uploads\drafts\other_image_5_1764787407_82f2e6b1.jpg, D:\SEMESTER - VII\php2/uploads/drafts/other_image_5_1764787407_82f2e6b1.jpg)
[04-Dec-2025 00:15:51 Asia/Kolkata] Form submission received. Files count: 52, POST fields: 44
[04-Dec-2025 00:15:51 Asia/Kolkata] Step 4 Checkbox Debug:
[04-Dec-2025 00:15:51 Asia/Kolkata]   registration_certificate: NOT SET
[04-Dec-2025 00:15:51 Asia/Kolkata]   car_insurance: NOT SET
[04-Dec-2025 00:15:51 Asia/Kolkata]   car_finance_noc: NOT SET
[04-Dec-2025 00:15:51 Asia/Kolkata]   car_purchase_invoice: NOT SET
[04-Dec-2025 00:15:51 Asia/Kolkata]   bifuel_certification: NOT SET
[04-Dec-2025 00:15:51 Asia/Kolkata] Total files processed: 1
[04-Dec-2025 00:15:51 Asia/Kolkata] Generating PDF with 1 images
[04-Dec-2025 00:15:54 Asia/Kolkata] PDF generated successfully: D:\SEMESTER - VII\php2\pdfs\inspection_12_1764787554.pdf
[04-Dec-2025 00:15:54 Asia/Kolkata] === CLEANUP PHASE 1: Starting immediate cleanup after PDF generation ===
[04-Dec-2025 00:15:54 Asia/Kolkata] Cleanup: Deleting draft and all images for draft ID: draft_693084a9d6f222.68403146
[04-Dec-2025 00:18:50 Asia/Kolkata] Form submission received. Files count: 52, POST fields: 43
[04-Dec-2025 00:18:50 Asia/Kolkata] Step 4 Checkbox Debug:
[04-Dec-2025 00:18:50 Asia/Kolkata]   registration_certificate: NOT SET
[04-Dec-2025 00:18:50 Asia/Kolkata]   car_insurance: NOT SET
[04-Dec-2025 00:18:50 Asia/Kolkata]   car_finance_noc: NOT SET
[04-Dec-2025 00:18:50 Asia/Kolkata]   car_purchase_invoice: NOT SET
[04-Dec-2025 00:18:50 Asia/Kolkata]   bifuel_certification: NOT SET
[04-Dec-2025 00:18:50 Asia/Kolkata] Total files processed: 1
[04-Dec-2025 00:18:50 Asia/Kolkata] Generating PDF with 1 images
[04-Dec-2025 00:18:53 Asia/Kolkata] PDF generated successfully: D:\SEMESTER - VII\php2\pdfs\inspection_12_1764787733.pdf
[04-Dec-2025 00:18:53 Asia/Kolkata] === CLEANUP PHASE 1: Starting immediate cleanup after PDF generation ===
[04-Dec-2025 00:18:53 Asia/Kolkata] Cleanup: Deleting draft and all images for draft ID: draft_693084a9d6f222.68403146
[04-Dec-2025 00:19:29 Asia/Kolkata] Deleted replaced image: uploads/drafts/other_image_5_1764787547_18e4a050.jpg
[04-Dec-2025 00:19:29 Asia/Kolkata] Deleted replaced thumbnail: uploads/drafts\thumb_other_image_5_1764787547_18e4a050.jpg
[04-Dec-2025 00:20:22 Asia/Kolkata] Form submission received. Files count: 52, POST fields: 44
[04-Dec-2025 00:20:22 Asia/Kolkata] Step 4 Checkbox Debug:
[04-Dec-2025 00:20:22 Asia/Kolkata]   registration_certificate: NOT SET
[04-Dec-2025 00:20:22 Asia/Kolkata]   car_insurance: NOT SET
[04-Dec-2025 00:20:22 Asia/Kolkata]   car_finance_noc: NOT SET
[04-Dec-2025 00:20:22 Asia/Kolkata]   car_purchase_invoice: NOT SET
[04-Dec-2025 00:20:22 Asia/Kolkata]   bifuel_certification: NOT SET
[04-Dec-2025 00:20:22 Asia/Kolkata] Total files processed: 2
[04-Dec-2025 00:20:22 Asia/Kolkata] Generating PDF with 2 images
[04-Dec-2025 00:20:27 Asia/Kolkata] PDF generated successfully: D:\SEMESTER - VII\php2\pdfs\inspection_12_1764787826.pdf
[04-Dec-2025 00:20:27 Asia/Kolkata] === CLEANUP PHASE 1: Starting immediate cleanup after PDF generation ===
[04-Dec-2025 00:20:27 Asia/Kolkata] Cleanup: Deleting draft and all images for draft ID: draft_693084a9d6f222.68403146
[04-Dec-2025 00:20:31 Asia/Kolkata] Form submission received. Files count: 52, POST fields: 44
[04-Dec-2025 00:20:31 Asia/Kolkata] Step 4 Checkbox Debug:
[04-Dec-2025 00:20:31 Asia/Kolkata]   registration_certificate: NOT SET
[04-Dec-2025 00:20:31 Asia/Kolkata]   car_insurance: NOT SET
[04-Dec-2025 00:20:31 Asia/Kolkata]   car_finance_noc: NOT SET
[04-Dec-2025 00:20:31 Asia/Kolkata]   car_purchase_invoice: NOT SET
[04-Dec-2025 00:20:31 Asia/Kolkata]   bifuel_certification: NOT SET
[04-Dec-2025 00:20:31 Asia/Kolkata] Total files processed: 2
[04-Dec-2025 00:20:31 Asia/Kolkata] Generating PDF with 2 images
[04-Dec-2025 00:20:35 Asia/Kolkata] PDF generated successfully: D:\SEMESTER - VII\php2\pdfs\inspection_12_1764787835.pdf
[04-Dec-2025 00:20:35 Asia/Kolkata] === CLEANUP PHASE 1: Starting immediate cleanup after PDF generation ===
[04-Dec-2025 00:20:35 Asia/Kolkata] Cleanup: Deleting draft and all images for draft ID: draft_693084a9d6f222.68403146
[04-Dec-2025 00:22:09 Asia/Kolkata] Form submission received. Files count: 52, POST fields: 44
[04-Dec-2025 00:22:09 Asia/Kolkata] Step 4 Checkbox Debug:
[04-Dec-2025 00:22:09 Asia/Kolkata]   registration_certificate: NOT SET
[04-Dec-2025 00:22:09 Asia/Kolkata]   car_insurance: NOT SET
[04-Dec-2025 00:22:09 Asia/Kolkata]   car_finance_noc: NOT SET
[04-Dec-2025 00:22:09 Asia/Kolkata]   car_purchase_invoice: NOT SET
[04-Dec-2025 00:22:09 Asia/Kolkata]   bifuel_certification: NOT SET
[04-Dec-2025 00:22:09 Asia/Kolkata] Total files processed: 2
[04-Dec-2025 00:22:09 Asia/Kolkata] Generating PDF with 2 images
[04-Dec-2025 00:22:13 Asia/Kolkata] PDF generated successfully: D:\SEMESTER - VII\php2\pdfs\inspection_12_1764787932.pdf
[04-Dec-2025 00:22:13 Asia/Kolkata] === CLEANUP PHASE 1: Starting immediate cleanup after PDF generation ===
[04-Dec-2025 00:22:13 Asia/Kolkata] Cleanup: Deleting draft and all images for draft ID: draft_693084a9d6f222.68403146
[04-Dec-2025 00:22:13 Asia/Kolkata] Cleanup: Starting cleanup for draft: draft_693084a9d6f222.68403146
[04-Dec-2025 00:22:13 Asia/Kolkata] Cleanup: Deleted image: uploads/drafts/other_image_5_1764787769_1a46f3cb.jpg
[04-Dec-2025 00:22:13 Asia/Kolkata] Cleanup: Deleted thumbnail: uploads/drafts\thumb_other_image_5_1764787769_1a46f3cb.jpg
[04-Dec-2025 00:22:13 Asia/Kolkata] Cleanup: Deleted image: uploads/drafts/other_image_4_1764787783_6950cf47.jpg
[04-Dec-2025 00:22:13 Asia/Kolkata] Cleanup: Deleted thumbnail: uploads/drafts\thumb_other_image_4_1764787783_6950cf47.jpg
[04-Dec-2025 00:22:13 Asia/Kolkata] Cleanup: Deleted audit log: D:\SEMESTER - VII\php2\drafts\audit\draft_693084a9d6f222.68403146.log
[04-Dec-2025 00:22:13 Asia/Kolkata] Cleanup: Deleted draft file: D:\SEMESTER - VII\php2\uploads\drafts\draft_693084a9d6f222.68403146.json
[04-Dec-2025 00:22:13 Asia/Kolkata] Cleanup: Successfully cleaned up draft draft_693084a9d6f222.68403146 - Deleted 2 images, 1 files, Freed 523.8 KB
[04-Dec-2025 00:22:13 Asia/Kolkata] Cleanup: Draft deleted - 2 images, 523.8 KB freed
[04-Dec-2025 00:22:13 Asia/Kolkata] Cleanup: Deleted compressed image: compressed_submission_1764787551_6930855f60950.png
[04-Dec-2025 00:22:13 Asia/Kolkata] Cleanup: Deleted compressed image: compressed_submission_1764787730_6930861283506.png
[04-Dec-2025 00:22:13 Asia/Kolkata] Cleanup: Deleted compressed image: compressed_submission_1764787822_6930866ec00c8.jpg
[04-Dec-2025 00:22:13 Asia/Kolkata] Cleanup: Deleted compressed image: compressed_submission_1764787822_6930866ec1134.png
[04-Dec-2025 00:22:13 Asia/Kolkata] Cleanup: Deleted compressed image: compressed_submission_1764787831_69308677bff02.jpg
[04-Dec-2025 00:22:13 Asia/Kolkata] Cleanup: Deleted compressed image: compressed_submission_1764787831_69308677c0e9b.png
[04-Dec-2025 00:22:13 Asia/Kolkata] Cleanup: Deleted compressed image: compressed_submission_1764787929_693086d937851.jpg
[04-Dec-2025 00:22:13 Asia/Kolkata] Cleanup: Deleted compressed image: compressed_submission_1764787929_693086d938a52.png
[04-Dec-2025 00:22:13 Asia/Kolkata] Cleanup: Deleted uniform image: uniform_300x225_compressed_submission_1764787551_6930855f60950.png
[04-Dec-2025 00:22:13 Asia/Kolkata] Cleanup: Deleted uniform image: uniform_300x225_compressed_submission_1764787730_6930861283506.png
[04-Dec-2025 00:22:13 Asia/Kolkata] Cleanup: Deleted uniform image: uniform_300x225_compressed_submission_1764787822_6930866ec00c8.jpg
[04-Dec-2025 00:22:13 Asia/Kolkata] Cleanup: Deleted uniform image: uniform_300x225_compressed_submission_1764787822_6930866ec1134.png
[04-Dec-2025 00:22:13 Asia/Kolkata] Cleanup: Deleted uniform image: uniform_300x225_compressed_submission_1764787831_69308677bff02.jpg
[04-Dec-2025 00:22:13 Asia/Kolkata] Cleanup: Deleted uniform image: uniform_300x225_compressed_submission_1764787831_69308677c0e9b.png
[04-Dec-2025 00:22:13 Asia/Kolkata] Cleanup: Deleted uniform image: uniform_300x225_compressed_submission_1764787929_693086d937851.jpg
[04-Dec-2025 00:22:13 Asia/Kolkata] Cleanup: Deleted uniform image: uniform_300x225_compressed_submission_1764787929_693086d938a52.png
[04-Dec-2025 00:22:13 Asia/Kolkata] Cleanup: Deleted remaining image: submission_1764787551_6930855f60950.png
[04-Dec-2025 00:22:13 Asia/Kolkata] Cleanup: Deleted remaining image: submission_1764787730_6930861283506.png
[04-Dec-2025 00:22:13 Asia/Kolkata] Cleanup: Deleted remaining image: submission_1764787822_6930866ec00c8.jpg
[04-Dec-2025 00:22:13 Asia/Kolkata] Cleanup: Deleted remaining image: submission_1764787822_6930866ec1134.png
[04-Dec-2025 00:22:13 Asia/Kolkata] Cleanup: Deleted remaining image: submission_1764787831_69308677bff02.jpg
[04-Dec-2025 00:22:13 Asia/Kolkata] Cleanup: Deleted remaining image: submission_1764787831_69308677c0e9b.png
[04-Dec-2025 00:22:13 Asia/Kolkata] Cleanup: Deleted remaining image: submission_1764787929_693086d937851.jpg
[04-Dec-2025 00:22:13 Asia/Kolkata] Cleanup: Deleted remaining image: submission_1764787929_693086d938a52.png
[04-Dec-2025 00:22:13 Asia/Kolkata] === CLEANUP PHASE 1 COMPLETE ===
[04-Dec-2025 00:22:13 Asia/Kolkata] Draft deleted: Yes
[04-Dec-2025 00:22:13 Asia/Kolkata] Images deleted: 10
[04-Dec-2025 00:22:13 Asia/Kolkata] Compressed deleted: 8
[04-Dec-2025 00:22:13 Asia/Kolkata] Uniform deleted: 8
[04-Dec-2025 00:22:13 Asia/Kolkata] Thumbnails deleted: 0
[04-Dec-2025 00:22:13 Asia/Kolkata] Total space freed: 3.16 MB
[04-Dec-2025 00:22:13 Asia/Kolkata] === USER RESPONSE SENT - User can now start new inspection ===
[04-Dec-2025 00:22:13 Asia/Kolkata] === SMTP PHASE: Starting email sending in background ===
[04-Dec-2025 00:22:27 Asia/Kolkata] SMTP: Email sent successfully for: D:\SEMESTER - VII\php2\pdfs\inspection_12_1764787932.pdf
[04-Dec-2025 00:22:27 Asia/Kolkata] === SMTP PHASE COMPLETE ===
[04-Dec-2025 00:22:27 Asia/Kolkata] === SUBMISSION WORKFLOW COMPLETE ===
[04-Dec-2025 00:22:48 Asia/Kolkata] Form submission received. Files count: 0, POST fields: 3
[04-Dec-2025 00:22:48 Asia/Kolkata] Step 4 Checkbox Debug:
[04-Dec-2025 00:22:48 Asia/Kolkata]   registration_certificate: NOT SET
[04-Dec-2025 00:22:48 Asia/Kolkata]   car_insurance: NOT SET
[04-Dec-2025 00:22:48 Asia/Kolkata]   car_finance_noc: NOT SET
[04-Dec-2025 00:22:48 Asia/Kolkata]   car_purchase_invoice: NOT SET
[04-Dec-2025 00:22:48 Asia/Kolkata]   bifuel_certification: NOT SET
[04-Dec-2025 00:22:48 Asia/Kolkata] Total files processed: 0
[04-Dec-2025 00:22:48 Asia/Kolkata] Generating PDF with 0 images
[04-Dec-2025 00:22:51 Asia/Kolkata] PDF generated successfully: D:\SEMESTER - VII\php2\pdfs\inspection_TEST123_1764787971.pdf
[04-Dec-2025 00:22:51 Asia/Kolkata] === CLEANUP PHASE 1: Starting immediate cleanup after PDF generation ===
[04-Dec-2025 00:22:51 Asia/Kolkata] Cleanup: Deleting draft and all images for draft ID: test_draft
[04-Dec-2025 00:22:51 Asia/Kolkata] Cleanup: Starting cleanup for draft: test_draft
[04-Dec-2025 00:22:51 Asia/Kolkata] Cleanup: Draft file not found: D:\SEMESTER - VII\php2\uploads\drafts\test_draft.json
[04-Dec-2025 00:22:51 Asia/Kolkata] Cleanup: Draft deleted - 0 images, 0 B freed
[04-Dec-2025 00:22:51 Asia/Kolkata] === CLEANUP PHASE 1 COMPLETE ===
[04-Dec-2025 00:22:51 Asia/Kolkata] Draft deleted: Yes
[04-Dec-2025 00:22:51 Asia/Kolkata] Images deleted: 0
[04-Dec-2025 00:22:51 Asia/Kolkata] Compressed deleted: 0
[04-Dec-2025 00:22:51 Asia/Kolkata] Uniform deleted: 0
[04-Dec-2025 00:22:51 Asia/Kolkata] Thumbnails deleted: 0
[04-Dec-2025 00:22:51 Asia/Kolkata] Total space freed: 0 B
[04-Dec-2025 00:22:51 Asia/Kolkata] === USER RESPONSE SENT - User can now start new inspection ===
[04-Dec-2025 00:22:51 Asia/Kolkata] === SMTP PHASE: Starting email sending in background ===
[04-Dec-2025 00:23:00 Asia/Kolkata] SMTP: Email sent successfully for: D:\SEMESTER - VII\php2\pdfs\inspection_TEST123_1764787971.pdf
[04-Dec-2025 00:23:00 Asia/Kolkata] === SMTP PHASE COMPLETE ===
[04-Dec-2025 00:23:00 Asia/Kolkata] === SUBMISSION WORKFLOW COMPLETE ===
[04-Dec-2025 16:39:16 Asia/Kolkata] Auto-cleanup: No drafts found
[04-Dec-2025 16:41:35 Asia/Kolkata] Form submission received. Files count: 52, POST fields: 43
[04-Dec-2025 16:41:35 Asia/Kolkata] Step 4 Checkbox Debug:
[04-Dec-2025 16:41:35 Asia/Kolkata]   registration_certificate: NOT SET
[04-Dec-2025 16:41:35 Asia/Kolkata]   car_insurance: NOT SET
[04-Dec-2025 16:41:35 Asia/Kolkata]   car_finance_noc: NOT SET
[04-Dec-2025 16:41:35 Asia/Kolkata]   car_purchase_invoice: NOT SET
[04-Dec-2025 16:41:35 Asia/Kolkata]   bifuel_certification: NOT SET
[04-Dec-2025 16:41:35 Asia/Kolkata] Total files processed: 1
[04-Dec-2025 16:41:35 Asia/Kolkata] Generating PDF with 1 images
[04-Dec-2025 16:41:44 Asia/Kolkata] PDF generated successfully: D:\SEMESTER - VII\php2\pdfs\inspection_1221_1764846703.pdf
[04-Dec-2025 16:41:44 Asia/Kolkata] === CLEANUP PHASE 1: Starting immediate cleanup after PDF generation ===
[04-Dec-2025 16:41:44 Asia/Kolkata] Cleanup: Deleting draft and all images for draft ID: draft_69316c0a579951.62829256
[04-Dec-2025 16:41:44 Asia/Kolkata] Cleanup: Starting cleanup for draft: draft_69316c0a579951.62829256
[04-Dec-2025 16:41:44 Asia/Kolkata] Cleanup: Deleted image: uploads/drafts/car_photo_1764846602_a81d6d98.jpg
[04-Dec-2025 16:41:44 Asia/Kolkata] Cleanup: Deleted thumbnail: uploads/drafts\thumb_car_photo_1764846602_a81d6d98.jpg
[04-Dec-2025 16:41:44 Asia/Kolkata] Cleanup: Deleted audit log: D:\SEMESTER - VII\php2\drafts\audit\draft_69316c0a579951.62829256.log
[04-Dec-2025 16:41:44 Asia/Kolkata] Cleanup: Deleted draft file: D:\SEMESTER - VII\php2\uploads\drafts\draft_69316c0a579951.62829256.json
[04-Dec-2025 16:41:44 Asia/Kolkata] Cleanup: Successfully cleaned up draft draft_69316c0a579951.62829256 - Deleted 1 images, 1 files, Freed 613.03 KB
[04-Dec-2025 16:41:44 Asia/Kolkata] Cleanup: Draft deleted - 1 images, 613.03 KB freed
[04-Dec-2025 16:41:44 Asia/Kolkata] Cleanup: Deleted thumbnail: thumb_car_photo_1764846649_dd03834c.jpg
[04-Dec-2025 16:41:44 Asia/Kolkata] Cleanup: Deleted remaining image: car_photo_1764846649_dd03834c.jpg
[04-Dec-2025 16:41:44 Asia/Kolkata] === CLEANUP PHASE 1 COMPLETE ===
[04-Dec-2025 16:41:44 Asia/Kolkata] Draft deleted: Yes
[04-Dec-2025 16:41:44 Asia/Kolkata] Images deleted: 2
[04-Dec-2025 16:41:44 Asia/Kolkata] Compressed deleted: 0
[04-Dec-2025 16:41:44 Asia/Kolkata] Uniform deleted: 0
[04-Dec-2025 16:41:44 Asia/Kolkata] Thumbnails deleted: 1
[04-Dec-2025 16:41:44 Asia/Kolkata] Total space freed: 1.22 MB
[04-Dec-2025 16:41:44 Asia/Kolkata] === USER RESPONSE SENT - User can now start new inspection ===
[04-Dec-2025 16:41:44 Asia/Kolkata] === SMTP PHASE: Starting email sending in background ===
[04-Dec-2025 16:41:55 Asia/Kolkata] SMTP: Email sent successfully for: D:\SEMESTER - VII\php2\pdfs\inspection_1221_1764846703.pdf
[04-Dec-2025 16:41:55 Asia/Kolkata] === SMTP PHASE COMPLETE ===
[04-Dec-2025 16:41:55 Asia/Kolkata] === SUBMISSION WORKFLOW COMPLETE ===
[04-Dec-2025 16:43:25 Asia/Kolkata] Draft file missing during save: uploads/drafts/car_photo_1764846649_dd03834c.jpg (tried: D:\SEMESTER - VII\php2\uploads\drafts\car_photo_1764846649_dd03834c.jpg)
[04-Dec-2025 19:22:32 Asia/Kolkata] Deleted replaced image: uploads/drafts/car_photo_1764846817_262268ca.jpg
[04-Dec-2025 19:22:32 Asia/Kolkata] Deleted replaced thumbnail: uploads/drafts\thumb_car_photo_1764846817_262268ca.jpg
[04-Dec-2025 19:22:48 Asia/Kolkata] Deleted replaced image: uploads/drafts/car_photo_1764856352_b631f2e9.jpg
[04-Dec-2025 19:22:48 Asia/Kolkata] Deleted replaced thumbnail: uploads/drafts\thumb_car_photo_1764856352_b631f2e9.jpg
[04-Dec-2025 23:06:49 Asia/Kolkata] T-SUBMIT: Generating test PDF for steps 1-13
[04-Dec-2025 23:06:49 Asia/Kolkata] T-SUBMIT: Found 24 uploaded images
[04-Dec-2025 23:06:49 Asia/Kolkata] T-SUBMIT: Generating PDF with 24 images
[04-Dec-2025 23:06:49 Asia/Kolkata] T-SUBMIT: Steps to include: 1-13
[04-Dec-2025 23:06:52 Asia/Kolkata] T-SUBMIT: PDF generated successfully: D:\SEMESTER - VII\pdiNew\pdfs\TEST_step13_1764869811.pdf
[04-Dec-2025 23:57:35 Asia/Kolkata] Deleted replaced image: uploads/drafts/photo_of_issues_1764872843_8895a0ac.jpg
[04-Dec-2025 23:57:35 Asia/Kolkata] Deleted replaced thumbnail: uploads/drafts\thumb_photo_of_issues_1764872843_8895a0ac.jpg
[05-Dec-2025 00:17:44 Asia/Kolkata] T-SUBMIT: Generating test PDF for steps 1-13
[05-Dec-2025 00:17:44 Asia/Kolkata] T-SUBMIT: Found 25 uploaded images
[05-Dec-2025 00:17:44 Asia/Kolkata] T-SUBMIT: Generating PDF with 25 images
[05-Dec-2025 00:17:44 Asia/Kolkata] T-SUBMIT: Steps to include: 1-13
[05-Dec-2025 00:17:46 Asia/Kolkata] T-SUBMIT: PDF generated successfully: D:\SEMESTER - VII\pdiNew\pdfs\TEST_step13_1764874065.pdf
[05-Dec-2025 00:17:58 Asia/Kolkata] Form submission received. Files count: 68, POST fields: 169
[05-Dec-2025 00:17:58 Asia/Kolkata] Step 4 Checkbox Debug:
[05-Dec-2025 00:17:58 Asia/Kolkata]   registration_certificate: NOT SET
[05-Dec-2025 00:17:58 Asia/Kolkata]   car_insurance: NOT SET
[05-Dec-2025 00:17:58 Asia/Kolkata]   car_finance_noc: NOT SET
[05-Dec-2025 00:17:58 Asia/Kolkata]   car_purchase_invoice: NOT SET
[05-Dec-2025 00:17:58 Asia/Kolkata]   bifuel_certification: NOT SET
[05-Dec-2025 00:17:58 Asia/Kolkata] Total files processed: 25
[05-Dec-2025 00:17:58 Asia/Kolkata] Generating PDF with 25 images
[05-Dec-2025 00:18:17 Asia/Kolkata] PDF generated successfully: D:\SEMESTER - VII\pdiNew\pdfs\inspection_12_1764874097.pdf
[05-Dec-2025 00:18:17 Asia/Kolkata] === CLEANUP PHASE 1: Starting immediate cleanup after PDF generation ===
[05-Dec-2025 00:18:17 Asia/Kolkata] Cleanup: Deleting draft and all images for draft ID: draft_69316ce1746024.49125092
[05-Dec-2025 00:18:17 Asia/Kolkata] Cleanup: Starting cleanup for draft: draft_69316ce1746024.49125092
[05-Dec-2025 00:18:17 Asia/Kolkata] Cleanup: Deleted image: uploads/drafts/car_photo_1764856368_aba009d0.jpg
[05-Dec-2025 00:18:17 Asia/Kolkata] Cleanup: Deleted thumbnail: uploads/drafts\thumb_car_photo_1764856368_aba009d0.jpg
[05-Dec-2025 00:18:17 Asia/Kolkata] Cleanup: Deleted image: uploads/drafts/payment_proof_1764856320_3bb481c7.jpg
[05-Dec-2025 00:18:17 Asia/Kolkata] Cleanup: Deleted thumbnail: uploads/drafts\thumb_payment_proof_1764856320_3bb481c7.jpg
[05-Dec-2025 00:18:17 Asia/Kolkata] Cleanup: Deleted image: uploads/drafts/car_image_front_1764856875_81c8a692.jpg
[05-Dec-2025 00:18:17 Asia/Kolkata] Cleanup: Deleted thumbnail: uploads/drafts\thumb_car_image_front_1764856875_81c8a692.jpg
[05-Dec-2025 00:18:17 Asia/Kolkata] Cleanup: Deleted image: uploads/drafts/car_image_back_1764856878_72bd8291.jpg
[05-Dec-2025 00:18:17 Asia/Kolkata] Cleanup: Deleted thumbnail: uploads/drafts\thumb_car_image_back_1764856878_72bd8291.jpg
[05-Dec-2025 00:18:17 Asia/Kolkata] Cleanup: Deleted image: uploads/drafts/car_image_driver_side_1764856882_011aa413.jpg
[05-Dec-2025 00:18:17 Asia/Kolkata] Cleanup: Deleted thumbnail: uploads/drafts\thumb_car_image_driver_side_1764856882_011aa413.jpg
[05-Dec-2025 00:18:17 Asia/Kolkata] Cleanup: Deleted image: uploads/drafts/car_image_passenger_side_1764856887_96be0d97.jpg
[05-Dec-2025 00:18:17 Asia/Kolkata] Cleanup: Deleted thumbnail: uploads/drafts\thumb_car_image_passenger_side_1764856887_96be0d97.jpg
[05-Dec-2025 00:18:17 Asia/Kolkata] Cleanup: Deleted image: uploads/drafts/car_image_dashboard_1764856893_fe76bf9b.jpg
[05-Dec-2025 00:18:17 Asia/Kolkata] Cleanup: Deleted thumbnail: uploads/drafts\thumb_car_image_dashboard_1764856893_fe76bf9b.jpg
[05-Dec-2025 00:18:17 Asia/Kolkata] Cleanup: Deleted image: uploads/drafts/car_km_photo_1764857808_08437a35.jpg
[05-Dec-2025 00:18:17 Asia/Kolkata] Cleanup: Deleted thumbnail: uploads/drafts\thumb_car_km_photo_1764857808_08437a35.jpg
[05-Dec-2025 00:18:17 Asia/Kolkata] Cleanup: Deleted image: uploads/drafts/chassis_plate_photo_1764857818_a6a81811.jpg
[05-Dec-2025 00:18:17 Asia/Kolkata] Cleanup: Deleted thumbnail: uploads/drafts\thumb_chassis_plate_photo_1764857818_a6a81811.jpg
[05-Dec-2025 00:18:17 Asia/Kolkata] Cleanup: Deleted image: uploads/drafts/driver_front_fender_image_1764858174_e5cd8616.jpg
[05-Dec-2025 00:18:17 Asia/Kolkata] Cleanup: Deleted thumbnail: uploads/drafts\thumb_driver_front_fender_image_1764858174_e5cd8616.jpg
[05-Dec-2025 00:18:17 Asia/Kolkata] Cleanup: Deleted image: uploads/drafts/driver_front_door_image_1764858214_cd534b93.jpg
[05-Dec-2025 00:18:17 Asia/Kolkata] Cleanup: Deleted thumbnail: uploads/drafts\thumb_driver_front_door_image_1764858214_cd534b93.jpg
[05-Dec-2025 00:18:17 Asia/Kolkata] Cleanup: Deleted image: uploads/drafts/front_number_plate_image_1764858765_bbd8f35b.jpg
[05-Dec-2025 00:18:17 Asia/Kolkata] Cleanup: Deleted thumbnail: uploads/drafts\thumb_front_number_plate_image_1764858765_bbd8f35b.jpg
[05-Dec-2025 00:18:17 Asia/Kolkata] Cleanup: Deleted image: uploads/drafts/obd_scan_photo_1764860062_8a70b464.jpg
[05-Dec-2025 00:18:17 Asia/Kolkata] Cleanup: Deleted thumbnail: uploads/drafts\thumb_obd_scan_photo_1764860062_8a70b464.jpg
[05-Dec-2025 00:18:17 Asia/Kolkata] Cleanup: Deleted image: uploads/drafts/ac_image_1764868551_5a399fe4.jpg
[05-Dec-2025 00:18:17 Asia/Kolkata] Cleanup: Deleted thumbnail: uploads/drafts\thumb_ac_image_1764868551_5a399fe4.jpg
[05-Dec-2025 00:18:17 Asia/Kolkata] Cleanup: Deleted image: uploads/drafts/driver_front_tyre_tread_depth_1764868620_d263307e.jpg
[05-Dec-2025 00:18:17 Asia/Kolkata] Cleanup: Deleted thumbnail: uploads/drafts\thumb_driver_front_tyre_tread_depth_1764868620_d263307e.jpg
[05-Dec-2025 00:18:17 Asia/Kolkata] Cleanup: Deleted image: uploads/drafts/driver_back_tyre_tread_depth_1764868624_68cc7128.jpg
[05-Dec-2025 00:18:17 Asia/Kolkata] Cleanup: Deleted thumbnail: uploads/drafts\thumb_driver_back_tyre_tread_depth_1764868624_68cc7128.jpg
[05-Dec-2025 00:18:17 Asia/Kolkata] Cleanup: Deleted image: uploads/drafts/passenger_back_tyre_tread_depth_1764868630_7d684f67.jpg
[05-Dec-2025 00:18:17 Asia/Kolkata] Cleanup: Deleted thumbnail: uploads/drafts\thumb_passenger_back_tyre_tread_depth_1764868630_7d684f67.jpg
[05-Dec-2025 00:18:17 Asia/Kolkata] Cleanup: Deleted image: uploads/drafts/passenger_front_tyre_tread_depth_1764868635_a2f0271e.jpg
[05-Dec-2025 00:18:17 Asia/Kolkata] Cleanup: Deleted thumbnail: uploads/drafts\thumb_passenger_front_tyre_tread_depth_1764868635_a2f0271e.jpg
[05-Dec-2025 00:18:17 Asia/Kolkata] Cleanup: Deleted image: uploads/drafts/stepney_tyre_tread_depth_1764868639_bd7d7f92.jpg
[05-Dec-2025 00:18:17 Asia/Kolkata] Cleanup: Deleted thumbnail: uploads/drafts\thumb_stepney_tyre_tread_depth_1764868639_bd7d7f92.jpg
[05-Dec-2025 00:18:17 Asia/Kolkata] Cleanup: Deleted image: uploads/drafts/underbody_left_1764868672_775e0f41.jpg
[05-Dec-2025 00:18:17 Asia/Kolkata] Cleanup: Deleted thumbnail: uploads/drafts\thumb_underbody_left_1764868672_775e0f41.jpg
[05-Dec-2025 00:18:17 Asia/Kolkata] Cleanup: Deleted image: uploads/drafts/underbody_rear_1764868684_b3a5b40f.jpg
[05-Dec-2025 00:18:17 Asia/Kolkata] Cleanup: Deleted thumbnail: uploads/drafts\thumb_underbody_rear_1764868684_b3a5b40f.jpg
[05-Dec-2025 00:18:17 Asia/Kolkata] Cleanup: Deleted image: uploads/drafts/underbody_front_1764868687_7a489204.jpg
[05-Dec-2025 00:18:17 Asia/Kolkata] Cleanup: Deleted thumbnail: uploads/drafts\thumb_underbody_front_1764868687_7a489204.jpg
[05-Dec-2025 00:18:17 Asia/Kolkata] Cleanup: Deleted image: uploads/drafts/underbody_right_1764868692_886a02da.jpg
[05-Dec-2025 00:18:17 Asia/Kolkata] Cleanup: Deleted thumbnail: uploads/drafts\thumb_underbody_right_1764868692_886a02da.jpg
[05-Dec-2025 00:18:17 Asia/Kolkata] Cleanup: Deleted image: uploads/drafts/tool_kit_image_1764868701_79f71247.jpg
[05-Dec-2025 00:18:17 Asia/Kolkata] Cleanup: Deleted thumbnail: uploads/drafts\thumb_tool_kit_image_1764868701_79f71247.jpg
[05-Dec-2025 00:18:17 Asia/Kolkata] Cleanup: Deleted image: uploads/drafts/photo_of_issues_1764872855_f23bc08b.jpg
[05-Dec-2025 00:18:17 Asia/Kolkata] Cleanup: Deleted thumbnail: uploads/drafts\thumb_photo_of_issues_1764872855_f23bc08b.jpg
[05-Dec-2025 00:18:17 Asia/Kolkata] Cleanup: Deleted audit log: D:\SEMESTER - VII\pdiNew\drafts\audit\draft_69316ce1746024.49125092.log
[05-Dec-2025 00:18:17 Asia/Kolkata] Cleanup: Deleted draft file: D:\SEMESTER - VII\pdiNew\uploads\drafts\draft_69316ce1746024.49125092.json
[05-Dec-2025 00:18:17 Asia/Kolkata] Cleanup: Successfully cleaned up draft draft_69316ce1746024.49125092 - Deleted 25 images, 1 files, Freed 18.47 MB
[05-Dec-2025 00:18:17 Asia/Kolkata] Cleanup: Draft deleted - 25 images, 18.47 MB freed
[05-Dec-2025 00:18:17 Asia/Kolkata] === CLEANUP PHASE 1 COMPLETE ===
[05-Dec-2025 00:18:17 Asia/Kolkata] Draft deleted: Yes
[05-Dec-2025 00:18:17 Asia/Kolkata] Images deleted: 25
[05-Dec-2025 00:18:17 Asia/Kolkata] Compressed deleted: 0
[05-Dec-2025 00:18:17 Asia/Kolkata] Uniform deleted: 0
[05-Dec-2025 00:18:17 Asia/Kolkata] Thumbnails deleted: 0
[05-Dec-2025 00:18:17 Asia/Kolkata] Total space freed: 18.47 MB
[05-Dec-2025 00:18:17 Asia/Kolkata] === USER RESPONSE SENT - User can now start new inspection ===
[05-Dec-2025 00:18:17 Asia/Kolkata] === SMTP PHASE: Starting email sending in background ===
[05-Dec-2025 00:18:29 Asia/Kolkata] SMTP: Email sent successfully for: D:\SEMESTER - VII\pdiNew\pdfs\inspection_12_1764874097.pdf
[05-Dec-2025 00:18:29 Asia/Kolkata] === SMTP PHASE COMPLETE ===
[05-Dec-2025 00:18:29 Asia/Kolkata] === SUBMISSION WORKFLOW COMPLETE ===
[05-Dec-2025 00:33:51 Asia/Kolkata] Form submission received. Files count: 68, POST fields: 38
[05-Dec-2025 00:33:51 Asia/Kolkata] Step 4 Checkbox Debug:
[05-Dec-2025 00:33:51 Asia/Kolkata]   registration_certificate: NOT SET
[05-Dec-2025 00:33:51 Asia/Kolkata]   car_insurance: NOT SET
[05-Dec-2025 00:33:51 Asia/Kolkata]   car_finance_noc: NOT SET
[05-Dec-2025 00:33:51 Asia/Kolkata]   car_purchase_invoice: NOT SET
[05-Dec-2025 00:33:51 Asia/Kolkata]   bifuel_certification: NOT SET
[05-Dec-2025 00:33:51 Asia/Kolkata] Submission error: Required field missing: inspection_delayed in D:\SEMESTER - VII\pdiNew\submit.php on line 53
[05-Dec-2025 00:33:51 Asia/Kolkata] Stack trace: #0 {main}
2025-12-05 00:33:51 - Submission error: Required field missing: inspection_delayed - Context: {"booking_id":"123","expert_name":"Avinash","expert_city":"New Delhi B","customer_name":"123","customer_phone":"13","inspection_date":"1111-11-11","inspection_time":"12:11","inspection_address":"123","obd_scanning":"No","car":"","lead_owner":"","pending_amount":"","payment_taken":"Yes","payment_type":"Online","amount_paid":"10000","car_company":"","car_variant":"","car_registered_state":"","car_registered_city":"","engine_capacity":"","car_colour":"","car_km_reading":"","car_keys_available":"","chassis_number":"","engine_number":"","check_all_buttons":"","ac_cool_temperature":"","ac_hot_temperature":"","tyre_size":"","driver_front_tyre_date":"","driver_back_tyre_date":"","passenger_back_tyre_date":"","passenger_front_tyre_date":"","stepney_tyre_date":"","issues_found_in_car":"0987654","draft_id":"draft_6931da5b5a00f0.73001507","existing_payment_proof":"uploads\/drafts\/payment_proof_1764874843_f2a1944c.jpg","existing_photo_of_issues":"uploads\/drafts\/photo_of_issues_1764874977_245ee89c.jpg"}
[05-Dec-2025 00:33:58 Asia/Kolkata] Form submission received. Files count: 68, POST fields: 38
[05-Dec-2025 00:33:58 Asia/Kolkata] Step 4 Checkbox Debug:
[05-Dec-2025 00:33:58 Asia/Kolkata]   registration_certificate: NOT SET
[05-Dec-2025 00:33:58 Asia/Kolkata]   car_insurance: NOT SET
[05-Dec-2025 00:33:58 Asia/Kolkata]   car_finance_noc: NOT SET
[05-Dec-2025 00:33:58 Asia/Kolkata]   car_purchase_invoice: NOT SET
[05-Dec-2025 00:33:58 Asia/Kolkata]   bifuel_certification: NOT SET
[05-Dec-2025 00:33:58 Asia/Kolkata] Submission error: Required field missing: inspection_delayed in D:\SEMESTER - VII\pdiNew\submit.php on line 53
[05-Dec-2025 00:33:58 Asia/Kolkata] Stack trace: #0 {main}
2025-12-05 00:33:58 - Submission error: Required field missing: inspection_delayed - Context: {"booking_id":"123","expert_name":"Avinash","expert_city":"New Delhi B","customer_name":"123","customer_phone":"13","inspection_date":"1111-11-11","inspection_time":"12:11","inspection_address":"123","obd_scanning":"No","car":"","lead_owner":"","pending_amount":"","payment_taken":"Yes","payment_type":"Online","amount_paid":"10000","car_company":"","car_variant":"","car_registered_state":"","car_registered_city":"","engine_capacity":"","car_colour":"","car_km_reading":"","car_keys_available":"","chassis_number":"","engine_number":"","check_all_buttons":"","ac_cool_temperature":"","ac_hot_temperature":"","tyre_size":"","driver_front_tyre_date":"","driver_back_tyre_date":"","passenger_back_tyre_date":"","passenger_front_tyre_date":"","stepney_tyre_date":"","issues_found_in_car":"0987654","draft_id":"draft_6931da5b5a00f0.73001507","existing_payment_proof":"uploads\/drafts\/payment_proof_1764874843_f2a1944c.jpg","existing_photo_of_issues":"uploads\/drafts\/photo_of_issues_1764874977_245ee89c.jpg"}
[05-Dec-2025 00:34:46 Asia/Kolkata] Form submission received. Files count: 68, POST fields: 40
[05-Dec-2025 00:34:46 Asia/Kolkata] Step 4 Checkbox Debug:
[05-Dec-2025 00:34:46 Asia/Kolkata]   registration_certificate: NOT SET
[05-Dec-2025 00:34:46 Asia/Kolkata]   car_insurance: NOT SET
[05-Dec-2025 00:34:46 Asia/Kolkata]   car_finance_noc: NOT SET
[05-Dec-2025 00:34:46 Asia/Kolkata]   car_purchase_invoice: NOT SET
[05-Dec-2025 00:34:46 Asia/Kolkata]   bifuel_certification: NOT SET
[05-Dec-2025 00:34:46 Asia/Kolkata] Total files processed: 3
[05-Dec-2025 00:34:46 Asia/Kolkata] Generating PDF with 3 images
[05-Dec-2025 00:34:52 Asia/Kolkata] PDF generated successfully: D:\SEMESTER - VII\pdiNew\pdfs\inspection_123_1764875091.pdf
[05-Dec-2025 00:34:52 Asia/Kolkata] === CLEANUP PHASE 1: Starting immediate cleanup after PDF generation ===
[05-Dec-2025 00:34:52 Asia/Kolkata] Cleanup: Deleting draft and all images for draft ID: draft_6931da5b5a00f0.73001507
[05-Dec-2025 00:34:52 Asia/Kolkata] Cleanup: Starting cleanup for draft: draft_6931da5b5a00f0.73001507
[05-Dec-2025 00:34:52 Asia/Kolkata] Cleanup: Deleted image: uploads/drafts/payment_proof_1764874843_f2a1944c.jpg
[05-Dec-2025 00:34:52 Asia/Kolkata] Cleanup: Deleted thumbnail: uploads/drafts\thumb_payment_proof_1764874843_f2a1944c.jpg
[05-Dec-2025 00:34:52 Asia/Kolkata] Cleanup: Deleted image: uploads/drafts/photo_of_issues_1764874977_245ee89c.jpg
[05-Dec-2025 00:34:52 Asia/Kolkata] Cleanup: Deleted thumbnail: uploads/drafts\thumb_photo_of_issues_1764874977_245ee89c.jpg
[05-Dec-2025 00:34:52 Asia/Kolkata] Cleanup: Deleted image: uploads/drafts/car_photo_1764875064_40d6c4b2.jpg
[05-Dec-2025 00:34:52 Asia/Kolkata] Cleanup: Deleted thumbnail: uploads/drafts\thumb_car_photo_1764875064_40d6c4b2.jpg
[05-Dec-2025 00:34:52 Asia/Kolkata] Cleanup: Deleted audit log: D:\SEMESTER - VII\pdiNew\drafts\audit\draft_6931da5b5a00f0.73001507.log
[05-Dec-2025 00:34:52 Asia/Kolkata] Cleanup: Deleted draft file: D:\SEMESTER - VII\pdiNew\uploads\drafts\draft_6931da5b5a00f0.73001507.json
[05-Dec-2025 00:34:52 Asia/Kolkata] Cleanup: Successfully cleaned up draft draft_6931da5b5a00f0.73001507 - Deleted 3 images, 1 files, Freed 2.06 MB
[05-Dec-2025 00:34:52 Asia/Kolkata] Cleanup: Draft deleted - 3 images, 2.06 MB freed
[05-Dec-2025 00:34:52 Asia/Kolkata] === CLEANUP PHASE 1 COMPLETE ===
[05-Dec-2025 00:34:52 Asia/Kolkata] Draft deleted: Yes
[05-Dec-2025 00:34:52 Asia/Kolkata] Images deleted: 3
[05-Dec-2025 00:34:52 Asia/Kolkata] Compressed deleted: 0
[05-Dec-2025 00:34:52 Asia/Kolkata] Uniform deleted: 0
[05-Dec-2025 00:34:52 Asia/Kolkata] Thumbnails deleted: 0
[05-Dec-2025 00:34:52 Asia/Kolkata] Total space freed: 2.06 MB
[05-Dec-2025 00:34:52 Asia/Kolkata] === USER RESPONSE SENT - User can now start new inspection ===
[05-Dec-2025 00:34:52 Asia/Kolkata] === SMTP PHASE: Starting email sending in background ===
[05-Dec-2025 00:35:05 Asia/Kolkata] SMTP: Email sent successfully for: D:\SEMESTER - VII\pdiNew\pdfs\inspection_123_1764875091.pdf
[05-Dec-2025 00:35:05 Asia/Kolkata] === SMTP PHASE COMPLETE ===
[05-Dec-2025 00:35:05 Asia/Kolkata] === SUBMISSION WORKFLOW COMPLETE ===
