[21-Nov-2025 20:47:28 Asia/Kolkata] Draft discarded: draft_69205d113025f2.89951816 - Deleted 1 images and 1 files
[03-Dec-2025 19:25:56 Asia/Kolkata] Deleted draft image: D:\SEMESTER - VII\php2\drafts/../uploads/drafts/1764770139_guest_f83fcf19_image.jpg
[03-Dec-2025 19:25:56 Asia/Kolkata] Deleted draft thumbnail: D:\SEMESTER - VII\php2\drafts/../uploads/drafts\thumb_1764770139_guest_f83fcf19_image.jpg
[03-Dec-2025 19:25:56 Asia/Kolkata] Draft discarded: draft_693041538672e6.22449279 - Deleted 1 images and 1 files
[03-Dec-2025 22:01:17 Asia/Kolkata] Deleted draft image: D:\SEMESTER - VII\php2\uploads\drafts\1764779287_guest_dce3106f_Untitleddesign1.jpg
[03-Dec-2025 22:01:17 Asia/Kolkata] Deleted draft thumbnail: D:\SEMESTER - VII\php2\uploads\drafts\thumb_1764779287_guest_dce3106f_Untitleddesign1.jpg
[03-Dec-2025 22:01:17 Asia/Kolkata] Deleted draft image: D:\SEMESTER - VII\php2\uploads\drafts\1764779390_guest_91dd9fb6_car4.jpg
[03-Dec-2025 22:01:17 Asia/Kolkata] Deleted draft thumbnail: D:\SEMESTER - VII\php2\uploads\drafts\thumb_1764779390_guest_91dd9fb6_car4.jpg
[03-Dec-2025 22:01:17 Asia/Kolkata] Deleted audit log: D:\SEMESTER - VII\php2\drafts\audit\draft_69306517321689.49084449.log
[03-Dec-2025 22:01:17 Asia/Kolkata] Deleted draft file: D:\SEMESTER - VII\php2\uploads\drafts\draft_69306517321689.49084449.json
[03-Dec-2025 22:01:17 Asia/Kolkata] Draft discarded: draft_69306517321689.49084449 - Deleted 2 images and 1 files
[03-Dec-2025 22:50:30 Asia/Kolkata] Deleted draft image: D:\SEMESTER - VII\php2\uploads\drafts\1764782414_guest_59ab9400_ha.jpg
[03-Dec-2025 22:50:30 Asia/Kolkata] Deleted draft thumbnail: D:\SEMESTER - VII\php2\uploads\drafts\thumb_1764782414_guest_59ab9400_ha.jpg
[03-Dec-2025 22:50:30 Asia/Kolkata] Deleted audit log: D:\SEMESTER - VII\php2\drafts\audit\draft_6930714e7a9e48.55503242.log
[03-Dec-2025 22:50:30 Asia/Kolkata] Deleted draft file: D:\SEMESTER - VII\php2\uploads\drafts\draft_6930714e7a9e48.55503242.json
[03-Dec-2025 22:50:30 Asia/Kolkata] Draft discarded: draft_6930714e7a9e48.55503242 - Deleted 1 images and 1 files
[04-Dec-2025 16:44:05 Asia/Kolkata] Draft image not found for deletion: uploads/drafts/car_photo_1764846649_dd03834c.jpg
[04-Dec-2025 16:44:05 Asia/Kolkata] Deleted audit log: D:\SEMESTER - VII\php2\drafts\audit\draft_69316c396b4901.97949266.log
[04-Dec-2025 16:44:05 Asia/Kolkata] Deleted draft file: D:\SEMESTER - VII\php2\uploads\drafts\draft_69316c396b4901.97949266.json
[04-Dec-2025 16:44:05 Asia/Kolkata] Draft discarded: draft_69316c396b4901.97949266 - Deleted 0 images and 1 files
[05-Dec-2025 18:10:28 Asia/Kolkata] Deleted draft image: D:\SEMESTER - VII\pdiNew\uploads\drafts\car_photo_1764938409_96b8bffb.jpg
[05-Dec-2025 18:10:28 Asia/Kolkata] Deleted draft thumbnail: D:\SEMESTER - VII\pdiNew\uploads\drafts\thumb_car_photo_1764938409_96b8bffb.jpg
[05-Dec-2025 18:10:28 Asia/Kolkata] Deleted audit log: D:\SEMESTER - VII\pdiNew\drafts\audit\draft_6932d2a96af226.24725411.log
[05-Dec-2025 18:10:28 Asia/Kolkata] Deleted draft file: D:\SEMESTER - VII\pdiNew\uploads\drafts\draft_6932d2a96af226.24725411.json
[05-Dec-2025 18:10:28 Asia/Kolkata] Draft discarded: draft_6932d2a96af226.24725411 - Deleted 1 images and 1 files
[05-Dec-2025 18:30:38 Asia/Kolkata] Deleted draft image: D:\SEMESTER - VII\pdiNew\uploads\drafts\car_photo_1764939626_257376a4.jpg
[05-Dec-2025 18:30:38 Asia/Kolkata] Deleted draft thumbnail: D:\SEMESTER - VII\pdiNew\uploads\drafts\thumb_car_photo_1764939626_257376a4.jpg
[05-Dec-2025 18:30:38 Asia/Kolkata] Deleted audit log: D:\SEMESTER - VII\pdiNew\drafts\audit\draft_6932d7418f5ea7.45549991.log
[05-Dec-2025 18:30:38 Asia/Kolkata] Deleted draft file: D:\SEMESTER - VII\pdiNew\uploads\drafts\draft_6932d7418f5ea7.45549991.json
[05-Dec-2025 18:30:38 Asia/Kolkata] Draft discarded: draft_6932d7418f5ea7.45549991 - Deleted 1 images and 1 files
[05-Dec-2025 18:30:52 Asia/Kolkata] Deleted draft file: D:\SEMESTER - VII\pdiNew\uploads\drafts\draft_6932d7418f5ea7.45549991.json
[05-Dec-2025 18:30:52 Asia/Kolkata] Draft discarded: draft_6932d7418f5ea7.45549991 - Deleted 0 images and 1 files
[05-Dec-2025 18:31:21 Asia/Kolkata] Draft image not found for deletion: uploads/drafts/car_photo_1764939626_257376a4.jpg
[05-Dec-2025 18:31:21 Asia/Kolkata] Deleted draft file: D:\SEMESTER - VII\pdiNew\uploads\drafts\draft_6932d7418f5ea7.45549991.json
[05-Dec-2025 18:31:21 Asia/Kolkata] Draft discarded: draft_6932d7418f5ea7.45549991 - Deleted 0 images and 1 files
[05-Dec-2025 18:32:21 Asia/Kolkata] Deleted draft image: D:\SEMESTER - VII\pdiNew\uploads\drafts\car_photo_1764939731_08e14169.jpg
[05-Dec-2025 18:32:21 Asia/Kolkata] Deleted draft thumbnail: D:\SEMESTER - VII\pdiNew\uploads\drafts\thumb_car_photo_1764939731_08e14169.jpg
[05-Dec-2025 18:32:21 Asia/Kolkata] Deleted audit log: D:\SEMESTER - VII\pdiNew\drafts\audit\draft_6932d7c4811c08.40205141.log
[05-Dec-2025 18:32:21 Asia/Kolkata] Deleted draft file: D:\SEMESTER - VII\pdiNew\uploads\drafts\draft_6932d7c4811c08.40205141.json
[05-Dec-2025 18:32:21 Asia/Kolkata] Draft discarded: draft_6932d7c4811c08.40205141 - Deleted 1 images and 1 files
[05-Dec-2025 18:34:08 Asia/Kolkata] Deleted draft file: D:\SEMESTER - VII\pdiNew\uploads\drafts\draft_6932d7f0e2a9c3.96149516.json
[05-Dec-2025 18:34:08 Asia/Kolkata] Draft discarded: draft_6932d7f0e2a9c3.96149516 - Deleted 0 images and 1 files
[05-Dec-2025 18:36:25 Asia/Kolkata] Deleted draft file: D:\SEMESTER - VII\pdiNew\uploads\drafts\draft_6932d8c4f022c8.55232806.json
[05-Dec-2025 18:36:25 Asia/Kolkata] Draft discarded: draft_6932d8c4f022c8.55232806 - Deleted 0 images and 1 files
[05-Dec-2025 18:37:50 Asia/Kolkata] Deleted draft image: D:\SEMESTER - VII\pdiNew\uploads\drafts\payment_proof_1764940022_f2f74d71.jpg
[05-Dec-2025 18:37:50 Asia/Kolkata] Deleted draft thumbnail: D:\SEMESTER - VII\pdiNew\uploads\drafts\thumb_payment_proof_1764940022_f2f74d71.jpg
[05-Dec-2025 18:37:50 Asia/Kolkata] Deleted audit log: D:\SEMESTER - VII\pdiNew\drafts\audit\draft_6932d8efc5dad4.27769646.log
[05-Dec-2025 18:37:50 Asia/Kolkata] Deleted draft file: D:\SEMESTER - VII\pdiNew\uploads\drafts\draft_6932d8efc5dad4.27769646.json
[05-Dec-2025 18:37:50 Asia/Kolkata] Draft discarded: draft_6932d8efc5dad4.27769646 - Deleted 1 images and 1 files
[05-Dec-2025 18:39:13 Asia/Kolkata] Deleted draft image: D:\SEMESTER - VII\pdiNew\uploads\drafts\payment_proof_1764940126_a72795b7.jpg
[05-Dec-2025 18:39:13 Asia/Kolkata] Deleted draft thumbnail: D:\SEMESTER - VII\pdiNew\uploads\drafts\thumb_payment_proof_1764940126_a72795b7.jpg
[05-Dec-2025 18:39:13 Asia/Kolkata] Deleted audit log: D:\SEMESTER - VII\pdiNew\drafts\audit\draft_6932d95e2cb9c5.63361265.log
[05-Dec-2025 18:39:13 Asia/Kolkata] Deleted draft file: D:\SEMESTER - VII\pdiNew\uploads\drafts\draft_6932d95e2cb9c5.63361265.json
[05-Dec-2025 18:39:13 Asia/Kolkata] Draft discarded: draft_6932d95e2cb9c5.63361265 - Deleted 1 images and 1 files
[05-Dec-2025 18:55:29 Asia/Kolkata] Deleted draft file: D:\SEMESTER - VII\pdiNew\uploads\drafts\draft_6932daf77aa0f7.56764220.json
[05-Dec-2025 18:55:29 Asia/Kolkata] Draft discarded: draft_6932daf77aa0f7.56764220 - Deleted 0 images and 1 files
